<component name="libraryTable">
  <library name="junit-5.8.1">
    <CLASSES>
      <root url="jar://$PROJECT_DIR$/lib/junit/apiguardian-api-1.1.2.jar!/" />
      <root url="jar://$PROJECT_DIR$/lib/junit/junit-jupiter-5.8.1.jar!/" />
      <root url="jar://$PROJECT_DIR$/lib/junit/junit-jupiter-api-5.8.1.jar!/" />
      <root url="jar://$PROJECT_DIR$/lib/junit/junit-jupiter-engine-5.8.1.jar!/" />
      <root url="jar://$PROJECT_DIR$/lib/junit/junit-jupiter-params-5.8.1.jar!/" />
      <root url="jar://$PROJECT_DIR$/lib/junit/junit-platform-commons-1.8.1.jar!/" />
      <root url="jar://$PROJECT_DIR$/lib/junit/junit-platform-engine-1.8.1.jar!/" />
      <root url="jar://$PROJECT_DIR$/lib/junit/opentest4j-1.2.0.jar!/" />
    </CLASSES>
    <JAVADOC />
    <SOURCES />
  </library>
</component>